1 1 1
1 2 2
9 9 20
43421 80522 351
67238 27927 340
10180 66970 340
46365 27523 324
14640 25707 282
56320 12293 340
24700 34393 311
33368 353 308
63513 68249 312
37925 49391 314
58611 19967 340
14144 66637 340
62134 10955 340
9739 16011 276
87822 88645 333
79166 86191 320
30470 41242 324
18211 62756 340
278 47001 324
72707 70927 325
83219 21269 351
62014 39026 340
45730 24271 324
2519 5381 238
61123 25595 340
45561 40444 314
17080 36085 324
47039 66056 340
82066 85566 320
84210 63129 351
65672 86239 351
43832 79728 351
52483 12493 324
59493 68394 335
49320 52760 340
80380 48551 351
3928 48891 324
73161 52393 340
57773 56010 322
81604 75679 351
32474 35247 311
71331 43516 340
19571 49554 324
51471 34722 324
14202 17988 279
14227 45680 324
35407 79873 351
2365 58058 340
42804 4241 324
63352 68209 330
26759 2123 308
51013 53732 340
16124 37039 324
3048 40525 324
32556 80249 351
25495 1003 282
44518 65029 340
30934 13178 308
47899 64088 340
82075 82404 289
44436 62100 340
58325 12653 340
77063 86194 338
435 67041 340
45250 29866 324
38340 63786 340
27517 78360 351
25398 5705 282
46229 43641 314
33889 28445 285
35799 78784 351
60165 65735 335
78912 80316 320
60755 1098 340
83502 43162 351
21614 59182 340
71834 44289 340
40482 79938 351
56978 58896 304
5113 40916 324
14702 12227 276
587 43453 324
49157 48570 296
2210 32336 308
67133 5385 340
521 42450 324
24537 12931 282
9599 60685 340
61782 13448 340
62962 70353 330
39534 61635 340
15923 84575 351
74512 27720 340
86615 56405 351
13672 47841 324
60068 8080 340
51532 28373 324
76943 67006 325
15693 10688 276
22424 85504 351
44306 82825 351
12108 22944 279
83628 68842 351
88641 21706 351
2058 61762 340
39748 61602 340
62528 47944 340
75663 55671 335
28427 53391 340
11232 78629 351
86708 42098 351
76823 77651 351
61008 54591 335
65278 70117 312
71972 76700 325
69525 4054 340
26997 26277 308
11470 81632 351
19689 26977 308
5090 16463 276
84416 21746 351
76041 44837 340
16859 56944 340
20334 61703 340
56684 51637 340
3735 31565 308
25567 53391 340
17982 86909 351
73377 86574 351
73274 89611 351
3664 55348 340
87977 59150 351
57133 37013 340
70341 9446 340
25908 76821 340
14918 75430 340
30266 26676 272
83619 959 351
69013 53477 335
15113 20304 279
58221 35696 340
89087 25199 351
22107 83787 351
80361 23420 351
23030 11835 279
67183 69986 312
45487 33046 324
70058 71511 325
80956 18971 351
12143 56750 340
42179 23216 324
49891 27060 324
34370 78796 351
42272 49861 314
70164 13383 340
49078 63737 340
88935 38384 351
38523 54516 340
84287 27394 351
39228 28883 324
15220 23669 282
56714 22762 340
4272 67058 340
86028 43123 351
9872 1580 262
31147 8170 308
41581 52050 314
47197 87389 351
53601 75951 335
5685 5821 205
69557 33764 340
78500 54762 351
25630 68491 340
12236 27022 308
62256 19916 340
43584 57816 340
80577 83827 320
60884 16649 340
59771 1201 340
9132 56911 340
71432 75994 325
38043 40278 306
37666 23012 324
15314 1592 276
7412 7618 239
41381 20998 324
82112 76968 351
61810 36232 340
69605 17741 340
44008 80398 351
48213 41860 314
42038 3944 324
20592 45141 324
46341 12921 324
76183 86715 351
72708 55472 335
12101 57614 340
86978 27103 351
28694 56118 340
63735 12291 340
33289 42457 324
29424 21468 308
57699 25400 340
49492 7585 324
87982 37304 351
85515 9851 351
13794 52546 340
7687 37553 324
56825 40738 340
37452 60379 340
32203 43008 324
16973 26511 282
53613 44303 340
16773 13950 271
32593 88658 351
41114 80507 351
11974 65881 340
7632 76889 340
826 76025 340
23328 63475 340
73325 5159 340
57705 25194 340
62746 3471 340
50560 71743 340
48473 29571 324
78930 4363 351
30873 80675 351
41330 12254 324
26204 838 282
89495 58102 351
54960 65148 335
41028 46961 314
40201 66934 340
52958 55011 322
34837 41026 324
46185 82637 351
17830 24513 282
27983 20241 308
1983 86928 351
32850 84894 351
89256 50455 351
47482 21779 324
34032 36481 324
37318 88811 351
63264 66587 330
41734 43164 288
124 28223 308
5156 89113 351
60475 40325 340
87702 64465 351
63453 5311 340
29824 43886 324
64126 81283 351
84562 64158 351
65404 72460 325
32915 27411 285
55541 64659 335
11139 80396 351
85558 89572 333
72511 54808 335
7972 58821 340
87043 24244 351
29709 14447 308
61123 8551 340
79367 183 351
11846 58825 340
19062 52820 340
50454 48021 296
28530 83188 351
65647 45015 340
72425 3933 340
68592 14913 340
11660 37965 324
43888 86082 351
50890 7217 324
66037 26398 340
56994 65213 335
79659 69432 351
77982 3054 351
3236 57134 340
25958 67348 340
30167 21433 308
69453 51371 340
50910 86972 351
41986 7983 324
18267 26557 282
47821 30762 324
75078 3210 340
89292 59481 351
73049 28966 340
61715 56533 335
31745 55438 340
34869 35060 218
38113 27755 324
1240 29202 308
6549 47701 324
69133 33549 340
84920 43068 351
40039 54938 340
62920 45829 340
78737 88377 338
29138 87538 351
748 36558 324
12390 14216 276
49533 39 324
62923 85438 351
57227 27599 340
69011 11019 340
45125 2095 324
31296 17123 308
71175 46365 340
79913 44197 351
3616 50308 324
15245 74832 340
30661 43654 324
42030 84516 351
82053 19397 351
62306 77520 351
8087 89152 351
5542 74695 340
76485 63971 325
7921 68464 340
79482 50063 351
52158 76931 340
10406 34607 311
80971 89805 333
50353 81580 351
48239 77235 351
62067 53968 335
13974 63483 340
64350 2727 340
28475 62355 340
49874 62755 340
61906 781 340
81827 64312 351
38282 67448 340
45911 74663 340
34726 46203 324
33133 41745 324
82703 3235 351
9391 49890 324
41470 80025 351
67259 59744 335
30063 89708 351
69543 39325 340
48403 44036 314
16391 43892 324
22998 83230 351
362 72616 340
46928 84904 351
62351 82188 351
73203 85209 351
47763 24613 324
72709 24280 340
27514 87248 351
47137 65411 340
55435 43256 340
12999 88606 351
4666 39046 324
84722 49414 351
3449 74208 340
34451 49477 324
42706 19839 324
2455 57449 340
58704 43067 340
41606 55734 340
50942 37406 314
62018 31160 340
55439 8705 340
12304 44727 324
26489 89304 351
42560 59440 340
64398 88276 351
37321 61910 340
21323 69063 340
59622 38394 340
87870 24772 351
50962 10424 324
74224 46927 340
6345 59768 340
25501 42927 324
80332 54303 351
85462 82795 320
7851 58702 340
19780 57253 340
56556 20154 340
79593 46268 351
50895 15467 324
77377 53990 351
39404 88215 351
42961 15051 324
46174 15377 324
25801 40830 324
87757 7136 351
73255 16376 340
59303 4101 340
64755 15108 340
7902 55986 340
31039 60217 340
27469 15752 308
35905 50818 314
13438 376 276
15843 31849 308
2191 64332 340
68899 9571 340
24621 41594 324
63323 21859 340
62688 70795 330
84282 89123 333
15498 66796 340
77249 67536 351
82643 81152 320
53490 52003 340
28571 6896 308
22647 84528 351
45346 56039 340
62767 64903 330
6752 58783 340
39466 78609 351
88179 15294 351
63239 18364 340
40222 29151 324
9945 36561 324
42035 19262 324
86057 10578 351
78114 63885 351
55036 79657 351
48012 77108 351
84004 24877 351
19405 76582 340
42621 23002 324
4257 71102 340
46236 21739 324
10347 17360 276
32653 85701 351
14065 14877 271
44027 5891 324
42452 60638 340
79899 60324 351
70901 838 340
64722 75956 325
71964 65366 325
52474 36110 314
60986 29975 340
16557 52829 340
82182 86742 320
67843 65529 312
87267 86438 333
20149 30430 308
26131 13965 282
28841 52801 340
65044 46547 340
17184 79219 351
49542 23847 324
24684 7083 282
89390 36795 351
12160 89406 351
41867 71353 340
17680 70985 340
40165 12852 324
9594 34236 308
9764 32347 308
35136 83788 351
24218 13382 282
27346 55285 340
24437 56700 340
13246 62538 340
51756 89480 351
23326 30429 308
43863 17650 324
54444 48010 340
53767 43252 340
30957 72955 340
53940 5633 340
24836 48636 324
82871 4104 351
42802 34429 324
34569 8986 311
28719 77938 351
49574 58786 340
25485 56064 340
34953 74010 340
79842 45082 351
75510 3060 340
20709 13167 279
67528 29373 340
78976 81504 320
64459 37646 340
43278 19932 324
68567 28398 340
38853 68114 340
18894 61437 340
76774 81655 351
75944 59814 335
28599 15492 308
77907 35517 351
25878 60435 340
15516 22859 279
25919 15719 282
35238 7378 311
43102 52979 340
44483 19117 324
56763 32077 340
52009 25293 324
60042 10040 340
84505 30575 351
8364 8894 216
6900 19751 279
79564 85137 320
16981 82843 351
34711 24515 311
84949 4887 351
34098 66941 340
82659 16817 351
24194 66368 340
29346 34248 311
53365 67295 335
9371 80180 351
21824 20127 256
36518 61379 340
8306 81865 351
7111 31023 308
50773 23021 324
24509 14010 282
13205 46688 324
71202 41489 340
52728 47915 340
24855 66151 340
82967 86825 320
63192 23866 340
64465 23512 340
806 8889 262
89069 27829 351
47955 16528 324
84259 27244 351
19109 825 279
31847 8916 308
31936 32571 267
52932 88971 351
45658 56444 340
14285 66136 340
30403 26860 272
9362 67012 340
70188 61609 330
1826 8680 262
32191 49731 324
58619 66291 335
4119 39348 324
55875 64039 335
1283 58426 340
59250 56485 304
65400 26743 340
59313 7448 340
6418 7335 257
70131 22244 340
4732 58427 340
1638 84415 351
61426 35134 340
13094 10999 263
26030 47965 324
7695 14920 276
81210 58220 351
13919 72665 340
46704 1680 324
66457 76146 325
42630 54338 340
87432 42058 351
49505 24382 324
38068 56744 340
85339 62274 351
30701 18198 308
12612 70 268
41555 38690 306
56041 80389 351
38353 54649 340
75920 82070 351
50290 52399 309
35064 73481 340
75160 70560 325
56705 88119 351
52456 57969 340
10026 15687 276
40068 56239 340
29334 59531 340
38156 78135 351
12685 24672 282
31094 75208 340
23898 25296 264
22037 79000 351
50000 79938 351
72007 66741 325
29140 35919 324
19399 38648 324
25560 70555 340
68673 10911 340
68879 82264 351
14302 37480 324
3718 85256 351
61138 54369 335
48856 33051 324
64074 9294 340
853 61540 340
3187 11519 268
519 24750 282
21039 31575 308
8316 50518 324
2789 9398 262
54397 43807 340
24361 28539 308
45801 79956 351
78572 3033 351
46864 31031 324
26287 2873 282
63594 50581 340
89983 87424 333
13069 28801 308
6692 70408 340
81927 13922 351
45023 16230 324
47805 82445 351
49314 72414 340
81811 62472 351
16278 58454 340
3345 52559 340
48867 46990 314
56374 49145 340
80176 37438 351
46662 13237 324
70169 16462 340
20237 26607 282
61759 70151 330
50558 39658 314
53579 68450 335
84680 48836 351
47632 14953 324
87366 42484 351
14955 13298 271
71751 85528 351
48087 37584 314
84573 75095 351
40592 13305 324
57094 57298 304
70534 30767 340
53580 20107 340
46714 50702 314
37204 73816 340
29825 18472 308
86922 4113 351
59301 89755 351
14708 87953 351
40436 16932 324
30229 18425 308
13953 61742 340
15677 18332 279
9778 68391 340
81695 16601 351
73898 50369 340
87487 55140 351
75246 54431 335
21484 51066 324
41234 31959 324
56783 65039 335
75503 71058 325
70813 60056 335
58008 44803 340
61735 1872 340
20296 14795 279
82888 8315 351
32998 40600 324
18990 8564 279
25164 42776 324
9496 17036 276
72175 9061 340
69843 6983 340
58048 63773 335
5731 7678 262
72716 9281 340
86691 68865 351
45272 58218 340
19373 67503 340
69374 13279 340
34425 87459 351
5773 6021 218
46621 27312 324
42227 38771 306
87898 71962 351
88998 73742 351
89154 7393 351
14375 77524 351
57648 68996 335
76673 78775 351
4407 69731 340
48595 65740 340
33958 1097 308
74951 3867 340
23497 59682 340
57140 60676 317
66697 64274 268
7937 69264 340
24386 29669 308
11630 50164 324
40257 22283 324
29676 16979 308
10855 39411 324
18406 50402 324
45528 68502 340
48232 11431 324
77170 49935 351
57383 6827 340
17045 27479 308
87160 48686 351
19361 46893 324
21166 54299 340
33563 2409 308
38429 29103 324
85618 57948 351
86583 50059 351
67037 35874 340
75284 32610 340
83011 77891 338
62745 10042 340
21472 38539 324
4825 20976 279
34154 8641 308
36120 62207 340
27244 57550 340
14443 39631 324
3930 52957 340
61717 41960 340
77414 43844 351
18143 10146 279
60204 73031 335
25257 14725 282
47334 43592 314
37835 10540 324
26933 46697 324
1587 10579 262
37906 48404 314
63397 6411 340
74969 72060 325
45961 15868 324
55498 12213 340
71521 66755 325
18715 65779 340
19622 43237 324
53382 6128 340
85511 37765 351
58841 23585 340
73529 20767 340
37658 22527 324
69223 21363 340
31941 70943 340
29346 70809 340
83571 76198 351
58257 9094 340
24961 68539 340
87103 20570 351
87324 86811 333
62589 68623 330
28212 16038 308
28518 82211 351
36327 81593 351
21530 24028 282
51146 11519 324
34045 5058 308
26420 5155 282
76097 13267 340
84075 64712 351
50909 21795 324
30888 83997 351
68888 25518 340
46087 62201 340
59011 65990 335
50965 43410 314
65800 31599 340
30161 79176 351
77120 4317 351
34696 66487 340
78006 8649 351
20058 85841 351
995 22050 279
41669 52829 340
33892 77092 351
15238 42095 324
36092 84801 351
26670 46125 324
18325 14979 279
87320 79108 333
32517 77335 351
25286 54636 340
50163 8316 324
18984 55446 340
38285 37283 306
52283 53679 340
49519 32642 324
61043 78693 351
41521 56866 340
50309 12711 324
54806 75413 335
76565 65546 325
28022 7249 308
28579 19586 308
8693 46347 324
40033 25898 324
80534 47561 351
62229 71670 330
37116 47048 314
84330 81212 320
44891 81752 351
24393 52965 340
41657 10761 324
73978 85435 351
14498 89529 351
81293 34286 351
16183 75655 340
82903 74209 351
3794 50557 324
6903 21481 279
53730 12486 340
66399 53287 335
41309 50615 314
7663 38627 324
29838 84776 351
76527 1992 340
61308 81080 351
1841 10919 262
12705 19316 279
18845 82170 351
32808 27202 285
19208 16489 279
698 48990 324
9546 12110 268
39942 4491 324
23329 22800 238
82439 10024 351
60638 89727 351
38353 33747 324
34874 68300 340
76644 74542 325
65622 21400 340
38670 47951 314
73619 73814 294
65983 51374 340
84928 8815 351
25303 8790 282
64132 14135 340
32597 26000 308
36843 80029 351
12829 78890 351
88913 66523 351
72601 11619 340
51717 59551 340
37850 27305 324
11846 86590 351
17989 30845 308
85148 77467 338
67632 63010 330
24383 68766 340
77580 43615 351
58756 25662 340
39797 12882 324
45234 32887 324
22916 72393 340
67634 82076 351
64950 42096 340
53714 66547 335
36097 47550 314
74854 21782 340
18371 80298 351
21143 86699 351
80518 42711 351
15720 16290 253
1407 58149 340
18115 46454 324
72116 78986 351
8219 76871 340
19757 28264 308
17008 59804 340
51879 49024 309
1119 84641 351
61187 26828 340
80729 61184 351
82965 7283 351
3933 65582 340
68633 11335 340
60397 25075 340
47716 59150 340
33650 76116 340
38922 55474 340
50811 51765 309
38635 21037 324
49300 59029 340
28833 64743 340
23767 66307 340
60947 87063 351
30243 31237 254
2421 32134 308
45768 20971 324
2905 85385 351
13072 49700 324
81126 71537 351
40686 79820 351
72288 45193 340
17018 80687 351
42451 21209 324
42245 67828 340
43209 87437 351
68532 7896 340
74202 78393 351
75455 8650 340
39886 51500 314
89985 22049 351
49372 42306 314
44043 45753 314
11804 58628 340
40164 63466 340
53285 9282 340
60826 87201 351
77887 35572 351
56780 77844 351
55671 36690 340
40478 9024 324
23271 8879 279
3623 19009 279
34010 13824 308
65324 79078 351
17478 73896 340
32553 65308 340
27412 73201 340
41828 82947 351
56412 45568 340
54849 88343 351
85543 19697 351
55268 32026 340
19869 79782 351
26471 22048 282
37423 81892 351
770 66948 340
2309 60694 340
74517 4393 340
89822 36318 351
26565 56192 340
37852 23651 324
13204 59118 340
52064 71615 340
27182 55031 340
53374 18476 340
38172 88382 351
30408 55268 340
45049 9791 324
31838 56628 340
48519 71519 340
54819 69261 335
46306 55641 340
66385 63479 299
9796 37174 324
3366 72558 340
6208 42713 324
18182 41217 324
22831 19411 274
80794 70245 351
5072 56365 340
54746 44167 340
9434 49595 324
59386 1505 340
58133 60835 317
42353 7575 324
83187 16651 351
72291 13523 340
77001 39492 340
76666 55027 335
37584 3149 324
45861 80031 351
37599 43792 306
69554 64042 312
50638 60429 340
26793 60347 340
20865 62062 340
28008 87891 351
89395 36651 351
7485 3745 262
11320 63879 340
80530 56189 351
69712 4506 340
43998 69172 340
34199 63064 340
66212 37015 340
27045 78134 351
38277 28424 324
8817 70995 340
47775 17831 324
84529 59455 351
37868 80920 351
78810 21746 351
64748 65875 268
69620 84556 351
58435 72232 335
44772 87291 351
1796 55316 340
40839 30835 324
