1 1 1
1 2 2
9 9 20
1 999999 525
999999 999999 259
127125 120007 336
955134 809550 525
421020 125251 449
615939 747367 509
60058 603600 470
927848 369009 525
691829 700061 442
514275 368282 470
516773 901869 525
815271 694085 504
13000 986055 525
464112 861867 525
17575 930452 525
689039 508595 509
133284 964241 525
598453 680793 509
490343 774612 509
899862 67792 525
329363 911362 525
29168 515801 470
884810 389420 525
603685 957015 525
839502 576639 525
992712 117960 525
326250 356275 441
342331 322189 384
184056 339249 443
269701 806442 509
829241 715835 468
194281 472944 449
153738 476729 449
251341 792733 509
374729 644080 509
69648 151204 375
667004 218296 509
607716 613019 403
570034 66019 470
642658 725605 504
843565 409536 525
280016 149575 443
471763 684019 509
23268 136551 354
457197 655819 509
885858 807172 525
794320 800643 468
277372 80139 443
387077 948057 525
106343 528713 470
194121 761805 509
494306 690194 509
303213 861124 525
927143 616226 525
341831 387451 441
311192 84006 443
233580 185396 443
869414 591207 525
241962 705343 509
875366 406886 525
728262 213363 509
14006 761224 509
841362 522583 525
984844 805582 525
334295 742643 509
18654 605391 470
295585 528415 470
903743 512959 525
129185 598797 470
500453 345091 449
429096 471015 444
170616 811644 509
917055 662676 525
882223 554234 525
475325 159017 449
886583 271794 525
33018 203587 383
240374 900589 525
706171 388584 509
645432 225219 509
344814 554670 470
597289 664085 509
177044 640399 509
753400 501032 509
846123 306228 525
291447 253853 407
65497 789423 509
966303 462062 525
16297 982551 525
655772 848526 525
120320 491621 449
209412 542356 470
957149 667541 525
570330 449786 470
189209 177525 365
732194 215762 509
879846 534022 525
688625 329483 509
344719 571094 470
877321 442026 525
210083 705046 509
494470 168768 449
145035 275580 443
772335 460773 509
309300 161331 443
167156 942312 525
484668 943823 525
125570 890771 525
340557 956021 525
133546 210104 383
940069 529765 525
577992 379944 470
223631 334120 443
905213 266617 525
708642 82554 509
787600 782534 375
465506 918725 525
708509 282070 509
742842 610540 509
286075 995048 525
937360 566346 525
510170 453230 444
858206 936232 476
892253 149944 525
360047 198763 443
242733 540003 470
434151 300116 449
634235 820724 504
601545 657781 509
740335 539448 509
836186 310188 509
743117 527935 509
324209 815896 509
426437 965830 525
960878 67051 525
633397 226716 509
194151 412444 449
348676 657771 509
807714 52357 509
251119 755134 509
295137 681965 509
982080 8056 525
342984 729288 509
901273 130520 525
184172 944529 525
768921 155813 509
197952 534562 470
350458 26243 443
992072 522160 525
589211 291099 470
517815 467155 470
879598 736812 525
394583 711965 509
764321 228275 509
983408 716501 525
398466 529644 470
51905 792749 509
36242 894750 525
539474 394888 470
339417 451720 449
607532 723645 509
772411 622542 509
648784 805484 504
841848 122869 525
928172 155061 525
622216 945263 525
682075 960191 525
672156 501814 509
244293 590862 470
307363 950681 525
994529 741905 525
48860 220033 386
114783 46434 354
955526 85101 525
536820 654256 509
892105 809147 525
431690 658557 509
978245 664516 525
301590 594678 470
749739 820093 468
765357 229762 509
189953 371955 443
387973 447432 449
552499 376313 470
841198 146471 525
888375 859861 445
594099 349932 470
910570 937234 476
536540 708881 509
877342 866096 432
189448 587564 470
246121 769447 509
433964 621137 470
215816 224366 386
558664 249758 470
479519 965554 525
851713 324021 525
285657 183676 443
559988 239686 470
386156 838155 525
212222 401186 443
751117 788736 468
240175 806320 509
29406 175892 383
41988 290919 443
878483 906747 445
190400 231436 443
366777 638808 509
377379 138568 443
388325 96797 443
62351 936042 525
260063 382048 441
565723 428268 470
182159 59924 383
898079 125711 525
41101 82519 351
871254 624505 525
430825 306422 449
482314 625634 470
916552 974434 507
395387 38506 443
784145 309240 509
462253 99991 449
238558 150923 443
247719 839631 525
289878 141087 443
523134 824274 509
252542 64145 443
124068 88857 354
728771 948904 525
31424 22147 308
646651 769871 504
590497 416882 470
556720 591680 434
80320 72811 351
625521 473273 470
296717 475706 449
575696 409666 470
560588 273174 470
627009 328458 509
469544 808307 509
146786 916886 525
981030 992677 427
595738 913531 525
862436 105099 525
641449 324509 509
608584 408064 470
824945 802305 450
908189 199081 525
786096 381666 509
369143 988508 525
464214 411617 444
821282 180064 509
453238 554114 470
882571 381871 525
704382 80247 509
997133 866319 507
858996 851167 419
278903 492368 449
111671 968938 525
293447 141339 443
549402 753120 509
69630 416235 449
615316 888552 525
270218 977818 525
966327 401412 525
813028 153565 509
333628 944745 525
13065 148515 375
530385 301070 470
381317 895635 525
761955 748971 424
114343 892654 525
899226 135156 525
618299 393246 470
48789 10898 324
764017 425950 509
842185 112396 525
948 347851 443
325669 457501 449
373117 785369 509
453138 806200 509
265151 700349 509
848863 786765 525
602040 278215 470
173850 893453 525
642424 983356 525
390215 450009 449
99370 270972 443
664217 289441 509
300338 717668 509
143618 713005 509
339605 578559 470
926409 985802 507
957507 340552 525
640125 766283 504
572483 330624 470
545177 93263 470
394233 837633 509
115848 908245 525
801698 996272 525
979628 803902 525
253911 958326 525
743502 884047 525
173488 867484 525
585152 407719 470
634929 988030 525
566589 728770 509
714572 974533 525
829290 7204 509
773486 186285 509
31113 469415 449
562678 860173 525
212012 576290 470
998739 471115 525
467387 842063 525
645965 800437 504
272968 961219 525
845266 414081 525
281565 16471 443
938393 532958 525
520988 380922 470
109692 87527 354
62061 601782 470
608985 338468 470
524752 405555 470
389174 896675 525
271053 555865 470
646359 466056 509
937170 483064 525
839332 645098 525
959739 404557 525
365776 999501 525
413582 746911 509
763381 211042 509
744000 209352 509
104478 215980 383
303506 264988 407
380974 214169 443
66841 879770 525
799529 989958 525
400838 591593 470
661662 188704 509
654759 671891 442
669159 308021 509
953118 591930 525
996486 508491 525
507993 427062 444
173973 362263 443
87509 435779 449
159335 451559 449
667538 831508 504
610701 263812 470
992184 485248 525
879223 991674 507
495838 59026 449
164823 678752 509
867455 410880 525
82771 826484 509
648709 522215 509
628349 266135 509
288830 116032 443
543093 139040 470
501302 311027 449
746806 717065 424
682828 103016 509
448728 420345 418
198362 350366 443
349819 573633 470
79513 190546 383
763775 229042 509
421998 575350 470
986229 928597 507
755081 289454 509
325873 583205 470
363544 917994 525
34026 468426 449
607465 652373 509
963400 91323 525
808388 622972 509
725987 224411 509
158960 491216 449
355787 688919 509
262553 357321 441
547867 219810 470
448851 342065 449
431619 311642 449
754444 870848 525
674506 417848 509
515257 23730 470
941724 514583 525
983008 878800 507
531174 975749 525
67073 590474 470
213446 8779 383
747393 389665 509
395085 453637 449
142556 906352 525
263674 265076 332
484885 405108 449
261377 325745 407
151591 447940 449
832993 692995 504
110844 906034 525
929764 21704 525
536287 140305 470
19106 871488 525
361442 33500 443
623973 64484 470
73262 942718 525
846587 351623 525
805259 820654 450
727006 755877 424
535157 462020 470
867127 504884 525
830628 534247 509
496391 128505 449
821499 982219 525
402458 329384 441
865292 446547 525
586852 846426 525
717914 401579 509
435078 120162 449
184645 593561 470
50484 573256 470
924878 257906 525
592764 411276 470
681357 244343 509
706362 833974 468
338859 216514 443
750760 87694 509
730402 683691 504
180115 247152 443
90740 551902 470
512653 582573 452
428999 956031 525
871814 99505 525
219666 661118 509
768883 821097 468
394353 918514 525
690624 333571 509
259051 833435 509
591982 283388 470
631567 940407 525
156922 298344 443
386038 970425 525
168321 421886 449
669037 630644 442
182546 348436 443
445213 273982 449
230013 209404 386
823112 388416 509
49534 616032 470
437129 556983 470
475497 332621 449
666192 345686 509
693325 166122 509
963713 439447 525
379855 285308 441
583651 595280 434
79910 536776 470
958661 483893 525
114538 248231 443
596666 141904 470
415885 811287 509
20691 556083 470
944498 160102 525
776133 358008 509
914990 994032 507
840857 727466 525
73152 390487 443
70813 21254 340
460701 766477 509
51785 34527 324
629806 840555 525
891535 149640 525
147738 709716 509
472151 364401 449
506304 776479 509
101971 68817 351
624899 436393 470
596495 636866 509
994873 569397 525
77634 886832 525
614299 909863 525
300350 432696 449
453949 201655 449
482336 885367 525
919893 914649 432
269409 534120 470
197965 549699 470
773619 160944 509
39550 859906 525
636385 245770 509
828790 545853 509
496451 252560 449
889425 967893 507
51496 607150 470
493982 884298 525
308366 643333 509
76029 622485 470
824140 122921 509
8288 529978 470
958831 306476 525
354801 928180 525
992083 742445 525
417593 66970 449
926875 279908 525
525677 457142 470
517200 77465 470
330024 868672 525
836565 13651 509
135005 733654 509
617952 402265 470
45599 143191 375
765676 440523 509
563443 121627 470
165809 104021 383
924700 571730 525
499910 638845 509
895494 793705 525
860674 491993 525
286105 313087 389
284434 301754 389
893422 811782 525
194659 801633 509
329488 737651 509
471305 545428 470
947693 464492 525
607682 603461 372
43984 507496 449
143327 887562 525
991582 607426 525
693360 823340 504
462185 430488 444
224193 193270 386
199468 871883 525
184970 599072 470
900825 485572 525
811558 469403 509
785240 308453 509
46104 6217 324
65850 114728 354
93424 31613 351
635073 527747 509
35243 701106 509
102873 193262 383
314892 178569 443
516113 94456 470
39148 8253 324
715726 492502 509
364385 263340 441
376616 915193 525
914970 63560 525
532962 277442 470
100099 240733 443
761154 832407 468
947134 146202 525
692018 827003 504
354750 40559 443
255869 327091 407
34557 904196 525
596969 358741 470
967400 349449 525
871905 113083 525
605584 6548 470
784092 587631 509
17030 969969 525
33529 160708 383
952353 931999 507
686936 80695 509
913101 52452 525
712857 448090 509
275093 374441 441
414999 404875 449
246171 144047 443
48243 185072 383
543812 280727 470
144380 645212 509
272499 25418 443
31965 530489 470
118121 878082 525
362256 330261 441
5174 649354 509
581353 395784 470
990683 957526 458
524183 268289 470
230584 903784 525
278225 237040 407
156120 505676 449
163928 207428 373
392499 916494 525
711425 212170 509
371586 450516 449
475933 855805 525
900498 644084 525
36372 22102 324
866567 18619 525
667972 398627 509
308616 871740 525
829266 763529 468
546023 299299 470
717287 867653 525
618898 776606 509
796486 509717 509
717144 775017 468
691511 960413 525
686788 623848 509
588568 402936 470
772945 572578 509
216663 64501 386
600806 673444 509
206267 767238 509
165865 467373 449
339113 388444 441
666177 474480 509
773778 682584 504
64442 212200 383
503010 5271 449
514987 683339 509
458356 813701 509
774114 746335 468
370183 664071 509
581212 975106 525
547685 958750 525
537455 868361 525
541805 278552 470
45790 652466 509
634043 262277 509
650720 211654 509
200339 973156 525
169945 316897 443
43302 488321 449
493591 234386 449
431930 60516 449
874216 8578 525
754913 404490 509
68562 162536 383
137642 639300 509
112256 163978 383
32339 685326 509
963877 163915 525
816380 88349 509
350625 523871 470
735525 450424 509
937784 515549 525
832445 935863 525
424184 621933 470
370523 389951 436
450467 431980 400
440557 802452 509
721147 838887 525
1423 709674 509
863179 789708 525
467890 139065 449
338595 489639 449
653553 500228 509
588576 816677 509
340548 984138 525
948766 453405 525
968953 590277 525
526140 400755 470
536892 315604 470
705554 464529 509
896508 907414 445
224072 670225 509
509113 851269 525
75149 945218 525
249131 24740 443
163804 452532 449
942170 231225 525
731452 16604 509
833280 109928 509
608270 834233 509
287638 173828 443
278310 557036 470
471995 770796 509
86400 318654 443
783182 8887 509
430506 306158 449
490588 193895 449
559369 654577 509
114000 513905 470
538644 148722 470
601253 877334 525
108559 702448 509
719051 543423 509
167555 354215 443
702652 66536 509
754567 775825 468
332861 504495 449
275291 32877 443
351531 804856 509
327947 361690 441
182052 648917 509
357017 758452 509
927233 672639 525
186544 916385 525
579311 555437 421
946975 725188 525
941840 180564 525
238191 569738 470
923953 175096 525
755835 405745 509
181570 626605 509
645304 510402 509
543279 28636 470
347696 920594 525
796488 409014 509
57931 675642 509
948299 978540 458
165384 414947 449
845536 875532 432
430970 866132 525
591320 424847 470
119615 377945 443
947683 47365 525
736664 357805 509
277755 385841 441
526650 492499 470
2901 973528 525
516368 171955 470
606753 60384 470
469397 864063 525
53911 403242 443
895986 41533 525
970683 2210 525
391946 61370 443
927501 330425 525
269476 822915 509
715065 33026 509
594594 389091 470
261100 176953 443
562793 331258 470
823756 53059 509
26588 603647 470
289806 826657 509
401245 542955 470
921223 896559 476
299801 870642 525
426379 975133 525
491547 195787 449
771360 397062 509
241691 883492 525
220613 213067 386
760296 511167 509
414462 935677 525
626834 354891 509
686148 675561 385
242825 703831 509
307478 509905 449
850766 269412 525
326571 597284 470
8048 252011 443
636857 761998 504
251336 307848 407
17839 577440 470
488707 742882 509
140580 303403 443
516469 730397 509
241564 361192 441
811073 276766 509
631656 656025 416
845791 437907 525
655942 832008 504
856117 88616 525
872231 963419 507
74908 706883 509
473099 713006 509
475005 597159 470
905006 624160 525
201601 726340 509
983427 437049 525
740452 690307 504
420704 124007 449
999402 771125 525
562095 176473 470
832497 810475 450
762586 707955 424
539964 192493 470
795312 418528 509
896151 396081 525
617169 667543 509
380550 485264 449
82423 604472 470
228632 369759 443
96099 501634 449
938682 430232 525
634743 593730 509
717736 193339 509
478669 55448 449
231920 717138 509
41818 40764 288
262924 578621 470
285319 804403 509
222931 802887 509
713172 80631 509
748174 633287 504
118551 844545 525
449017 642928 509
12687 200973 383
702606 191854 509
622085 622989 310
216720 155494 386
863036 256829 525
826480 934455 525
165799 855909 525
896673 572604 525
665429 207616 509
526224 673801 509
990892 950747 458
31379 263359 443
896645 704064 525
62815 293757 443
936684 15196 525
730373 26036 509
217889 463575 449
86564 432979 449
102677 354179 443
125212 303283 443
751943 479918 509
335827 465896 449
38500 431946 449
153766 746704 509
420505 703928 509
168881 679989 509
943348 411397 525
629666 200259 509
494015 354198 449
369394 206685 443
232720 944903 525
408478 99767 443
46950 964813 525
833196 9246 509
826733 663831 504
143749 472612 449
938507 92881 525
524826 993779 525
740484 491211 509
195139 192796 342
872785 160989 525
86591 364019 443
78482 330338 443
684535 716256 504
437145 86701 449
545808 568133 452
182104 669864 509
148882 954285 525
477736 229054 449
407089 982077 525
454689 304469 449
397349 550837 470
544616 907400 525
398611 436379 449
629174 799304 504
474498 593750 470
471973 16164 449
860705 561088 525
791548 64660 509
151360 59446 375
627578 228693 509
412761 697168 509
165658 323887 443
552940 561643 421
543720 643393 509
462066 474233 413
539274 512614 439
420014 373619 449
809997 598094 509
397399 818625 509
926579 953376 507
969539 871896 507
947188 912756 507
977415 344450 525
403895 738736 509
481633 642980 509
340148 31473 443
355359 894393 525
456036 20010 449
177608 422503 449
410940 513961 470
540779 639673 509
13293 950213 525
548308 960792 525
293622 337494 384
290870 945706 525
331807 220201 443
132958 774614 509
119064 278995 443
17731 624577 470
267557 522958 470
68635 13568 340
907960 121909 525
656123 938198 525
874905 363997 525
392162 833730 509
987607 800050 525
750263 932940 525
893732 515104 525
852598 298571 525
758481 701559 504
921759 657672 525
946490 90288 525
883486 568921 525
707703 579758 509
102716 415421 449
428988 975259 525
611373 685555 509
137958 336949 443
215150 781700 509
615430 527067 452
327117 607311 470
540251 117242 470
632346 77381 509
890155 948187 507
649746 999148 525
171025 648637 509
253129 85711 443
654631 117516 509
697273 136616 509
552036 876538 525
366003 314194 441
513953 981024 525
832177 977375 525
759075 651910 504
693181 47327 509
654637 888709 525
5951 20299 279
611883 709092 509
171484 152501 383
665853 502038 509
664879 821230 504
906940 836878 525
468598 432213 444
83033 75776 351
952314 680075 525
994268 635068 525
130297 832521 509
809896 22426 509
188540 476678 449
524004 83176 470
486089 881721 525
902019 178641 525
401937 6244 443
158745 513902 470
530144 573421 452
908855 824597 525
661475 709228 504
141441 330000 443
919979 644277 525
324353 224473 443
373745 386498 423
219019 832825 509
855251 18247 525
494924 28915 449
626294 43791 470
925511 18929 525
711773 112383 509
632831 341735 509
369841 627915 509
201336 791575 509
130377 899985 525
123418 110191 349
440190 306057 449
950333 264858 525
3535 360169 443
260872 274686 407
107512 377279 443
909729 479890 525
23010 476967 449
520757 404654 470
937786 649303 525
275891 960473 525
302208 163764 443
791678 908721 525
214501 186254 373
86239 507218 449
131613 344877 443
650933 723860 504
988717 86007 525
960380 115472 525
390157 992251 525
883734 221252 525
701141 11873 509
488839 307669 449
712322 724150 411
373454 523801 470
484274 164313 449
842280 163549 525
586474 300686 470
486939 633959 509
655381 800974 504
660055 87382 509
811241 786994 468
873000 825193 525
940664 799958 525
306414 833380 509
54632 845025 525
371103 704353 509
12022 755773 509
994127 374146 525
897946 238548 525
